<?xml version="1.0" encoding="UTF-8"?>
<testng-results ignored="0" total="1" passed="1" failed="0" skipped="0">
  <reporter-output>
  </reporter-output>
  <suite started-at="2023-03-22T01:43:43 CDT" name="Default suite" finished-at="2023-03-22T01:44:02 CDT" duration-ms="19278">
    <groups>
      <group name="SmokeTest">
        <method signature="Browser.Browser()[pri:0, instance:practice.Browser@2b662a77]" name="Browser" class="practice.Browser"/>
      </group> <!-- SmokeTest -->
    </groups>
    <test started-at="2023-03-22T01:43:43 CDT" name="Default test" finished-at="2023-03-22T01:44:02 CDT" duration-ms="19278">
      <class name="practice.Browser">
        <test-method is-config="true" signature="beforeSuite()[pri:0, instance:practice.Browser@2b662a77]" started-at="2023-03-22T01:43:43 CDT" name="beforeSuite" finished-at="2023-03-22T01:43:43 CDT" duration-ms="7" status="PASS">
          <reporter-output>
          </reporter-output>
        </test-method> <!-- beforeSuite -->
        <test-method is-config="true" signature="beforeTest()[pri:0, instance:practice.Browser@2b662a77]" started-at="2023-03-22T01:43:43 CDT" name="beforeTest" finished-at="2023-03-22T01:43:43 CDT" duration-ms="0" status="PASS">
          <reporter-output>
          </reporter-output>
        </test-method> <!-- beforeTest -->
        <test-method is-config="true" signature="beforeClass()[pri:0, instance:practice.Browser@2b662a77]" started-at="2023-03-22T01:43:43 CDT" name="beforeClass" finished-at="2023-03-22T01:43:47 CDT" duration-ms="4536" status="PASS">
          <reporter-output>
          </reporter-output>
        </test-method> <!-- beforeClass -->
        <test-method is-config="true" signature="beforeMethod()[pri:0, instance:practice.Browser@2b662a77]" started-at="2023-03-22T01:43:47 CDT" name="beforeMethod" finished-at="2023-03-22T01:43:55 CDT" duration-ms="7832" status="PASS">
          <reporter-output>
          </reporter-output>
        </test-method> <!-- beforeMethod -->
        <test-method signature="Browser()[pri:0, instance:practice.Browser@2b662a77]" started-at="2023-03-22T01:43:55 CDT" name="Browser" finished-at="2023-03-22T01:44:02 CDT" duration-ms="6867" status="PASS">
          <reporter-output>
          </reporter-output>
        </test-method> <!-- Browser -->
        <test-method is-config="true" signature="afterMethod()[pri:0, instance:practice.Browser@2b662a77]" started-at="2023-03-22T01:44:02 CDT" name="afterMethod" finished-at="2023-03-22T01:44:02 CDT" duration-ms="1" status="PASS">
          <reporter-output>
          </reporter-output>
        </test-method> <!-- afterMethod -->
        <test-method is-config="true" signature="afterClass()[pri:0, instance:practice.Browser@2b662a77]" started-at="2023-03-22T01:44:02 CDT" name="afterClass" finished-at="2023-03-22T01:44:02 CDT" duration-ms="0" status="PASS">
          <reporter-output>
          </reporter-output>
        </test-method> <!-- afterClass -->
        <test-method is-config="true" signature="afterTest()[pri:0, instance:practice.Browser@2b662a77]" started-at="2023-03-22T01:44:02 CDT" name="afterTest" finished-at="2023-03-22T01:44:02 CDT" duration-ms="1" status="PASS">
          <reporter-output>
          </reporter-output>
        </test-method> <!-- afterTest -->
        <test-method is-config="true" signature="afterSuite()[pri:0, instance:practice.Browser@2b662a77]" started-at="2023-03-22T01:44:02 CDT" name="afterSuite" finished-at="2023-03-22T01:44:02 CDT" duration-ms="0" status="PASS">
          <reporter-output>
          </reporter-output>
        </test-method> <!-- afterSuite -->
      </class> <!-- practice.Browser -->
    </test> <!-- Default test -->
  </suite> <!-- Default suite -->
</testng-results>
